 [6.694466 1.825728 2.626007 -7.227437 0.178557 ]
 [9.338316 2.546765 3.663097 -10.081775 0.249074 ]
 [28.025129 7.643071 10.993286 -30.256317 0.747495 ]
 [-1.532438 -0.417930 -0.601122 1.654442 -0.040874 ]
 [11.530460 3.144611 4.522999 -12.448444 0.307544 ]
 [-0.517579 -0.141155 -0.203028 0.558785 -0.013805 ]
 [23.539196 6.419658 9.233610 -25.413242 0.627845 ]
 [10.296678 2.808131 4.039030 -11.116436 0.274636 ]
 [2.543306 0.693616 0.997651 -2.745789 0.067836 ]
 [1.086780 0.296389 0.426306 -1.173303 0.028987 ]
 [1.748017 0.476723 0.685687 -1.887184 0.046624 ]
 [16.300377 4.445472 6.394073 -17.598114 0.434769 ]
 [5.746834 1.567288 2.254284 -6.204361 0.153281 ]
 [10.046687 2.739953 3.940967 -10.846543 0.267968 ]
 [-5.339253 -1.456132 -2.094404 5.764331 -0.142410 ]
 [15.723898 4.288254 6.167940 -16.975739 0.419393 ]
 [27.360878 7.461915 10.732722 -29.539181 0.729778 ]
 [4.021680 1.096801 1.577566 -4.341862 0.107268 ]
 [6.865566 1.872391 2.693124 -7.412160 0.183121 ]
 [4.814279 1.312960 1.888474 -5.197562 0.128408 ]
 [9.475708 2.584234 3.716991 -10.230105 0.252739 ]
 [4.454208 1.214761 1.747231 -4.808825 0.118804 ]
 [36.992031 10.088543 14.510691 -39.937111 0.986663 ]
 [26.704218 7.282829 10.475139 -28.830244 0.712263 ]
 [31.102358 8.482299 12.200376 -33.578537 0.829572 ]
 [-4.114508 -1.122117 -1.613979 4.442080 -0.109743 ]
 [3.186687 0.869080 1.250027 -3.440392 0.084996 ]
 [8.733482 2.381813 3.425842 -9.428788 0.232942 ]
 [-8.580588 -2.340116 -3.365867 9.263721 -0.228864 ]
 [-3.733189 -1.018123 -1.464401 4.030403 -0.099573 ]
 [4.754538 1.296667 1.865040 -5.133064 0.126815 ]
 [8.237144 2.246450 3.231145 -8.892934 0.219704 ]
 [24.482246 6.676848 9.603536 -26.431372 0.652998 ]
 [-0.522947 -0.142619 -0.205134 0.564581 -0.013948 ]
 [6.913895 1.885572 2.712081 -7.464337 0.184410 ]
 [20.858185 5.688487 8.181942 -22.518784 0.556336 ]
 [29.335085 8.000324 11.507135 -31.670563 0.782435 ]
 [1.243282 0.339070 0.487696 -1.342264 0.033161 ]
 [-8.332147 -2.272360 -3.268412 8.995501 -0.222238 ]
 [-8.901230 -2.427562 -3.491644 9.609892 -0.237416 ]
 [-20.836605 -5.682601 -8.173477 22.495487 -0.555760 ]
 [3.450655 0.941070 1.353572 -3.725375 0.092037 ]
 [-1.153379 -0.314552 -0.452430 1.245203 -0.030763 ]
 [11.278623 3.075929 4.424212 -12.176558 0.300827 ]
 [7.993309 2.179952 3.135498 -8.629687 0.213200 ]] (50,5)
gradweights:
[ [42.165409 ]
 [11.499434 ]
 [16.540033 ]
 [455.500458 ]
 [1.124649 ]] (5,1)
gradBiases:
[109.139717 ] (1)
--------
input:
[ [-0.291694 ]
 [-1.913280 ]
 [0.314247 ]
 [0.542560 ]
 [1.579213 ]
 [0.241962 ]
 [0.767435 ]
 [-1.478522 ]
 [0.196861 ]
 [-0.562288 ]
 [1.057122 ]
 [-1.150994 ]
 [-0.469474 ]
 [-0.601707 ]
 [-0.225776 ]
 [0.822545 ]
 [-1.412304 ]
 [-0.600639 ]
 [-0.234153 ]
 [-0.544383 ]
 [-1.959670 ]
 [-0.463418 ]
 [1.523030 ]
 [-1.057711 ]
 [-0.234137 ]
 [0.110923 ]
 [-0.115648 ]
 [1.465649 ]
 [-1.220844 ]
 [-0.908024 ]
 [-0.013497 ]
 [0.496714 ]
 [-0.719844 ]
 [0.067528 ]
 [0.375698 ]
 [0.171368 ]
 [-1.763040 ]
 [-1.012831 ]
 [0.208864 ]
 [0.647689 ]
 [-0.138264 ]
 [-1.328186 ]
 [-0.465730 ]
 [0.738467 ]
 [0.343618 ]
 [-0.460639 ]
 [1.852278 ]
 [-1.724918 ]
 [-1.424748 ]
 [-0.301104 ]] (50,1)
gradOutput:
[ [0.000000 0.000000 0.000000 6.660652 0.000000 ]
 [0.000000 0.000000 0.000000 -16.757690 0.000000 ]
 [6.107561 1.665666 2.395784 0.000000 0.162903 ]
 [-9.347398 -2.549242 -3.666660 0.000000 -0.249317 ]
 [-24.495989 -6.680596 -9.608926 0.000000 -0.653365 ]
 [6.694466 1.825728 2.626007 0.000000 0.178557 ]
 [9.338316 2.546765 3.663097 0.000000 0.249074 ]
 [0.000000 0.000000 0.000000 -30.256317 0.000000 ]
 [-1.532438 -0.417930 -0.601122 0.000000 -0.040874 ]
 [0.000000 0.000000 0.000000 -12.448444 0.000000 ]
 [-0.517579 -0.141155 -0.203028 0.000000 -0.013805 ]
 [0.000000 0.000000 0.000000 -25.413242 0.000000 ]
 [0.000000 0.000000 0.000000 -11.116436 0.000000 ]
 [0.000000 0.000000 0.000000 -2.745789 0.000000 ]
 [0.000000 0.000000 0.000000 -1.173303 0.000000 ]
 [1.748017 0.476723 0.685687 0.000000 0.046624 ]
 [0.000000 0.000000 0.000000 -17.598114 0.000000 ]
 [0.000000 0.000000 0.000000 -6.204361 0.000000 ]
 [0.000000 0.000000 0.000000 -10.846543 0.000000 ]
 [0.000000 0.000000 0.000000 5.764331 0.000000 ]
 [0.000000 0.000000 0.000000 -16.975739 0.000000 ]
 [0.000000 0.000000 0.000000 -29.539181 0.000000 ]
 [4.021680 1.096801 1.577566 0.000000 0.107268 ]
 [0.000000 0.000000 0.000000 -7.412160 0.000000 ]
 [0.000000 0.000000 0.000000 -5.197562 0.000000 ]
 [9.475708 2.584234 3.716991 0.000000 0.252739 ]
 [4.454208 1.214761 1.747231 -4.808825 0.118804 ]
 [36.992031 10.088543 14.510691 0.000000 0.986663 ]
 [0.000000 0.000000 0.000000 -28.830244 0.000000 ]
 [0.000000 0.000000 0.000000 -33.578537 0.000000 ]
 [-4.114508 -1.122117 -1.613979 4.442080 -0.109743 ]
 [3.186687 0.869080 1.250027 0.000000 0.084996 ]
 [0.000000 0.000000 0.000000 -9.428788 0.000000 ]
 [-8.580588 -2.340116 -3.365867 0.000000 -0.228864 ]
 [-3.733189 -1.018123 -1.464401 0.000000 -0.099573 ]
 [4.754538 1.296667 1.865040 0.000000 0.126815 ]
 [0.000000 0.000000 0.000000 -8.892934 0.000000 ]
 [0.000000 0.000000 0.000000 -26.431372 0.000000 ]
 [-0.522947 -0.142619 -0.205134 0.000000 -0.013948 ]
 [6.913895 1.885572 2.712081 0.000000 0.184410 ]
 [20.858185 5.688487 8.181942 -22.518784 0.556336 ]
 [0.000000 0.000000 0.000000 -31.670563 0.000000 ]
 [0.000000 0.000000 0.000000 -1.342264 0.000000 ]
 [-8.332147 -2.272360 -3.268412 0.000000 -0.222238 ]
 [-8.901230 -2.427562 -3.491644 0.000000 -0.237416 ]
 [0.000000 0.000000 0.000000 22.495487 0.000000 ]
 [3.450655 0.941070 1.353572 0.000000 0.092037 ]
 [0.000000 0.000000 0.000000 1.245203 0.000000 ]
 [0.000000 0.000000 0.000000 -12.176558 0.000000 ]
 [0.000000 0.000000 0.000000 -8.629687 0.000000 ]] (50,5)
weights:
[ [3.703133 ]
 [1.009926 ]
 [1.452611 ]
 [-4.130347 ]
 [0.098771 ]] (5,1)
bias:
[0.635587 0.173339 0.249319 0.038854 0.016953 ] (5)
gradInput:
[ [-27.510801 ]
 [69.215073 ]
 [27.795544 ]
 [-42.540054 ]
 [-111.481384 ]
 [30.466547 ]
 [42.498730 ]
 [124.969086 ]
 [-6.974135 ]
 [51.416393 ]
 [-2.355505 ]
 [104.965500 ]
 [45.914734 ]
 [11.341059 ]
 [4.846147 ]
 [7.955237 ]
 [72.686310 ]
 [25.626163 ]
 [44.799984 ]
 [-23.808687 ]
 [70.115685 ]
 [122.007057 ]
 [18.302691 ]
 [30.614792 ]
 [21.467731 ]
 [43.124001 ]
 [40.133236 ]
 [168.350937 ]
 [119.078903 ]
 [138.691010 ]
 [-37.072475 ]
 [14.502631 ]
 [38.944164 ]
 [-39.050304 ]
 [-16.989763 ]
 [21.637926 ]
 [36.730900 ]
 [109.170731 ]
 [-2.379936 ]
 [31.465174 ]
 [187.936081 ]
 [130.810410 ]
 [5.544016 ]
 [-37.919643 ]
 [-40.509544 ]
 [-92.914162 ]
 [15.703949 ]
 [-5.143122 ]
 [50.293404 ]
 [35.643600 ]] (50,1)
gradweights:
[ [27.553169 7.514358 10.808153 370.894531 0.734907 ]] (1,5)
gradBiases:
[47.917931 13.068277 18.796545 -341.385681 1.278082 ] (5)

y_pred: [ [-4.123121 ]
 [-22.026575 ]
 [5.471597 ]
 [8.804864 ]
 [23.939541 ]
 [4.416267 ]
 [12.087934 ]
 [-17.226538 ]
 [3.757812 ]
 [-7.110666 ]
 [16.317247 ]
 [-13.610395 ]
 [-6.085944 ]
 [-7.545881 ]
 [-3.395346 ]
 [12.892521 ]
 [-16.495441 ]
 [-7.534091 ]
 [-3.487835 ]
 [-6.912985 ]
 [-22.538752 ]
 [-6.019074 ]
 [23.119295 ]
 [-12.580489 ]
 [-3.487654 ]
 [2.503145 ]
 [-1.193059 ]
 [22.281557 ]
 [-14.381589 ]
 [-10.927840 ]
 [0.686670 ]
 [8.135532 ]
 [-8.850204 ]
 [1.869606 ]
 [6.368751 ]
 [3.385625 ]
 [-20.367819 ]
 [-12.084984 ]
 [3.933040 ]
 [10.339693 ]
 [-1.772939 ]
 [-15.566725 ]
 [-6.044601 ]
 [11.665012 ]
 [5.900401 ]
 [-5.988392 ]
 [27.926178 ]
 [-19.946922 ]
 [-16.632837 ]
 [-4.227014 ]] (50,1)
Loss at iteration 48: 296.84, learning rate: 0.001
--------
input:
[ [0.000000 0.000000 0.000000 0.794077 0.000000 ]
 [0.000000 0.000000 0.000000 6.890354 0.000000 ]
 [1.855864 0.506135 0.727991 0.000000 0.049500 ]
 [2.707627 0.738429 1.062108 0.000000 0.072219 ]
 [6.575053 1.793162 2.579166 0.000000 0.175372 ]
 [1.586191 0.432589 0.622208 0.000000 0.042307 ]
 [3.546564 0.967226 1.391194 0.000000 0.094595 ]
 [0.000000 0.000000 0.000000 5.255901 0.000000 ]
 [1.417933 0.386702 0.556206 0.000000 0.037820 ]
 [0.000000 0.000000 0.000000 1.811361 0.000000 ]
 [4.627297 1.261966 1.815128 0.000000 0.123421 ]
 [0.000000 0.000000 0.000000 4.024574 0.000000 ]
 [0.000000 0.000000 0.000000 1.462435 0.000000 ]
 [0.000000 0.000000 0.000000 1.959556 0.000000 ]
 [0.000000 0.000000 0.000000 0.546263 0.000000 ]
 [3.752162 1.023297 1.471843 0.000000 0.100079 ]
 [0.000000 0.000000 0.000000 5.006957 0.000000 ]
 [0.000000 0.000000 0.000000 1.955541 0.000000 ]
 [0.000000 0.000000 0.000000 0.577757 0.000000 ]
 [0.000000 0.000000 0.000000 1.744049 0.000000 ]
 [0.000000 0.000000 0.000000 7.064754 0.000000 ]
 [0.000000 0.000000 0.000000 1.439665 0.000000 ]
 [6.365452 1.735999 2.496946 0.000000 0.169781 ]
 [0.000000 0.000000 0.000000 3.673882 0.000000 ]
 [0.000000 0.000000 0.000000 0.577695 0.000000 ]
 [1.097323 0.299264 0.430442 0.000000 0.029268 ]
 [0.252058 0.068742 0.098874 0.132242 0.006723 ]
 [6.151381 1.677617 2.412974 0.000000 0.164072 ]
 [0.000000 0.000000 0.000000 4.287172 0.000000 ]
 [0.000000 0.000000 0.000000 3.111141 0.000000 ]
 [0.633152 0.172674 0.248363 0.000000 0.016888 ]
 [2.536590 0.691784 0.995016 0.000000 0.067657 ]
 [0.000000 0.000000 0.000000 2.403688 0.000000 ]
 [0.935432 0.255113 0.366938 0.000000 0.024950 ]
 [2.085117 0.568657 0.817919 0.000000 0.055615 ]
 [1.322827 0.360764 0.518899 0.000000 0.035283 ]
 [0.000000 0.000000 0.000000 6.325534 0.000000 ]
 [0.000000 0.000000 0.000000 3.505158 0.000000 ]
 [1.462710 0.398913 0.573771 0.000000 0.039014 ]
 [3.099828 0.845391 1.215955 0.000000 0.082680 ]
 [0.167685 0.045731 0.065777 0.217266 0.004473 ]
 [0.000000 0.000000 0.000000 4.690721 0.000000 ]
 [0.000000 0.000000 0.000000 1.448357 0.000000 ]
 [3.438492 0.937753 1.348802 0.000000 0.091713 ]
 [1.965438 0.536018 0.770973 0.000000 0.052423 ]
 [0.000000 0.000000 0.000000 1.429218 0.000000 ]
 [7.593774 2.070989 2.978775 0.000000 0.202544 ]
 [0.000000 0.000000 0.000000 6.182215 0.000000 ]
 [0.000000 0.000000 0.000000 5.053741 0.000000 ]
 [0.000000 0.000000 0.000000 0.829453 0.000000 ]] (50,5)
gradOutput:
[ [-5.955317 ]
 [-8.686111 ]
 [1.096200 ]
 [-3.959291 ]
 [-9.401825 ]
 [1.326317 ]
 [1.852747 ]
 [-2.123901 ]
 [-1.264906 ]
 [-1.929870 ]
 [-1.457598 ]
 [-1.605656 ]
 [-1.771104 ]
 [-5.024280 ]
 [-3.254341 ]
 [-0.595947 ]
 [-5.461952 ]
 [-3.998393 ]
 [-0.452570 ]
 [-7.192374 ]
 [-8.897446 ]
 [3.695658 ]
 [-0.292240 ]
 [-6.357916 ]
 [-2.117716 ]
 [2.290013 ]
 [-1.899932 ]
 [10.235153 ]
 [-1.013365 ]
 [2.244900 ]
 [-2.602403 ]
 [0.057238 ]
 [-3.756102 ]
 [-3.430493 ]
 [-2.072510 ]
 [0.751240 ]
 [-10.111923 ]
 [-0.484667 ]
 [-0.950825 ]
 [1.152945 ]
 [3.199914 ]
 [-0.813820 ]
 [-4.630151 ]
 [-3.753613 ]
 [-3.698039 ]
 [-11.626952 ]
 [-0.671337 ]
 [-12.874016 ]
 [-7.134090 ]
 [-1.503837 ]] (50,1)
weights:
[ [3.184294 0.868427 1.249088 -2.936785 0.084932 ]] (1,5)
bias:
[-1.791088 ] (1)
gradInput:
[ [-18.963478 -5.171758 -7.438714 17.489483 -0.505800 ]
 [-27.659130 -7.543254 -10.849717 25.509239 -0.737733 ]
 [3.490623 0.951970 1.369250 -3.219303 0.093103 ]
 [-12.607544 -3.438355 -4.945502 11.627584 -0.336272 ]
 [-29.938173 -8.164799 -11.743706 27.611135 -0.798520 ]
 [4.223382 1.151809 1.656686 -3.895107 0.112647 ]
 [5.899691 1.608976 2.314244 -5.441119 0.157358 ]
 [-6.763126 -1.844453 -2.652940 6.237441 -0.180388 ]
 [-4.027833 -1.098479 -1.579979 3.714758 -0.107432 ]
 [-6.145272 -1.675951 -2.410577 5.667612 -0.163909 ]
 [-4.641419 -1.265817 -1.820668 4.280651 -0.123797 ]
 [-5.112879 -1.394395 -2.005605 4.715465 -0.136372 ]
 [-5.639715 -1.538074 -2.212265 5.201351 -0.150424 ]
 [-15.998782 -4.363220 -6.275767 14.755228 -0.426724 ]
 [-10.362778 -2.826158 -4.064958 9.557300 -0.276399 ]
 [-1.897671 -0.517537 -0.744391 1.750169 -0.050615 ]
 [-17.392460 -4.743307 -6.822459 16.040579 -0.463897 ]
 [-12.732058 -3.472313 -4.994345 11.742420 -0.339593 ]
 [-1.441117 -0.393024 -0.565300 1.329102 -0.038438 ]
 [-22.902632 -6.246052 -8.983908 21.122456 -0.610866 ]
 [-28.332081 -7.726782 -11.113692 26.129883 -0.755682 ]
 [11.768060 3.209409 4.616201 -10.853352 0.313881 ]
 [-0.930578 -0.253789 -0.365034 0.858246 -0.024821 ]
 [-20.245472 -5.521386 -7.941596 18.671831 -0.539994 ]
 [-6.743429 -1.839082 -2.645213 6.219275 -0.179863 ]
 [7.292074 1.988709 2.860427 -6.725275 0.194496 ]
 [-6.049943 -1.649953 -2.373183 5.579692 -0.161366 ]
 [32.591736 8.888484 12.784606 -30.058441 0.869297 ]
 [-3.226851 -0.880033 -1.265782 2.976034 -0.086068 ]
 [7.148420 1.949532 2.804077 -6.592787 0.190665 ]
 [-8.286815 -2.259997 -3.250630 7.642696 -0.221029 ]
 [0.182261 0.049707 0.071495 -0.168095 0.004861 ]
 [-11.960531 -3.261900 -4.691701 11.030862 -0.319015 ]
 [-10.923697 -2.979133 -4.284987 10.074618 -0.291360 ]
 [-6.599480 -1.799824 -2.588747 6.086515 -0.176023 ]
 [2.392168 0.652397 0.938365 -2.206229 0.063805 ]
 [-32.199333 -8.781467 -12.630681 29.696543 -0.858831 ]
 [-1.543321 -0.420898 -0.605392 1.423362 -0.041164 ]
 [-3.027705 -0.825722 -1.187664 2.792368 -0.080756 ]
 [3.671314 1.001248 1.440129 -3.385950 0.097922 ]
 [10.189467 2.778892 3.996974 -9.397460 0.271777 ]
 [-2.591442 -0.706743 -1.016533 2.390014 -0.069120 ]
 [-14.743760 -4.020948 -5.783465 13.597756 -0.393250 ]
 [-11.952605 -3.259739 -4.688592 11.023552 -0.318804 ]
 [-11.775642 -3.211477 -4.619176 10.860345 -0.314084 ]
 [-37.023632 -10.097159 -14.523086 34.145855 -0.987506 ]
 [-2.137735 -0.583007 -0.838559 1.971573 -0.057018 ]
 [-40.994648 -11.180143 -16.080778 37.808212 -1.093422 ]
 [-22.717039 -6.195437 -8.911106 20.951288 -0.605916 ]
 [-4.788658 -1.305972 -1.878424 4.416444 -0.127725 ]] (50,5)
gradweights:
[ [-40.061478 ]
 [-10.925649 ]
 [-15.714733 ]
 [-445.643860 ]
 [-1.068533 ]] (5,1)
gradBiases:
[-126.926506 ] (1)
--------
input:
[ [-0.291694 ]
 [-1.913280 ]
 [0.314247 ]
 [0.542560 ]
 [1.579213 ]
 [0.241962 ]
 [0.767435 ]
 [-1.478522 ]
 [0.196861 ]
 [-0.562288 ]
 [1.057122 ]
 [-1.150994 ]
 [-0.469474 ]
 [-0.601707 ]
 [-0.225776 ]
 [0.822545 ]
 [-1.412304 ]
 [-0.600639 ]
 [-0.234153 ]
 [-0.544383 ]
 [-1.959670 ]
 [-0.463418 ]
 [1.523030 ]
 [-1.057711 ]
 [-0.234137 ]
 [0.110923 ]
 [-0.115648 ]
 [1.465649 ]
 [-1.220844 ]
 [-0.908024 ]
 [-0.013497 ]
 [0.496714 ]
 [-0.719844 ]
 [0.067528 ]
 [0.375698 ]
 [0.171368 ]
 [-1.763040 ]
 [-1.012831 ]
 [0.208864 ]
 [0.647689 ]
 [-0.138264 ]
 [-1.328186 ]
 [-0.465730 ]
 [0.738467 ]
 [0.343618 ]
 [-0.460639 ]
 [1.852278 ]
 [-1.724918 ]
 [-1.424748 ]
 [-0.301104 ]] (50,1)
gradOutput:
[ [0.000000 0.000000 0.000000 17.489483 0.000000 ]
 [0.000000 0.000000 0.000000 25.509239 0.000000 ]
 [3.490623 0.951970 1.369250 0.000000 0.093103 ]
 [-12.607544 -3.438355 -4.945502 0.000000 -0.336272 ]
 [-29.938173 -8.164799 -11.743706 0.000000 -0.798520 ]
 [4.223382 1.151809 1.656686 0.000000 0.112647 ]
 [5.899691 1.608976 2.314244 0.000000 0.157358 ]
 [0.000000 0.000000 0.000000 6.237441 0.000000 ]
 [-4.027833 -1.098479 -1.579979 0.000000 -0.107432 ]
 [0.000000 0.000000 0.000000 5.667612 0.000000 ]
 [-4.641419 -1.265817 -1.820668 0.000000 -0.123797 ]
 [0.000000 0.000000 0.000000 4.715465 0.000000 ]
 [0.000000 0.000000 0.000000 5.201351 0.000000 ]
 [0.000000 0.000000 0.000000 14.755228 0.000000 ]
 [0.000000 0.000000 0.000000 9.557300 0.000000 ]
 [-1.897671 -0.517537 -0.744391 0.000000 -0.050615 ]
 [0.000000 0.000000 0.000000 16.040579 0.000000 ]
 [0.000000 0.000000 0.000000 11.742420 0.000000 ]
 [0.000000 0.000000 0.000000 1.329102 0.000000 ]
 [0.000000 0.000000 0.000000 21.122456 0.000000 ]
 [0.000000 0.000000 0.000000 26.129883 0.000000 ]
 [0.000000 0.000000 0.000000 -10.853352 0.000000 ]
 [-0.930578 -0.253789 -0.365034 0.000000 -0.024821 ]
 [0.000000 0.000000 0.000000 18.671831 0.000000 ]
 [0.000000 0.000000 0.000000 6.219275 0.000000 ]
 [7.292074 1.988709 2.860427 0.000000 0.194496 ]
 [-6.049943 -1.649953 -2.373183 5.579692 -0.161366 ]
 [32.591736 8.888484 12.784606 0.000000 0.869297 ]
 [0.000000 0.000000 0.000000 2.976034 0.000000 ]
 [0.000000 0.000000 0.000000 -6.592787 0.000000 ]
 [-8.286815 -2.259997 -3.250630 0.000000 -0.221029 ]
 [0.182261 0.049707 0.071495 0.000000 0.004861 ]
 [0.000000 0.000000 0.000000 11.030862 0.000000 ]
 [-10.923697 -2.979133 -4.284987 0.000000 -0.291360 ]
 [-6.599480 -1.799824 -2.588747 0.000000 -0.176023 ]
 [2.392168 0.652397 0.938365 0.000000 0.063805 ]
 [0.000000 0.000000 0.000000 29.696543 0.000000 ]
 [0.000000 0.000000 0.000000 1.423362 0.000000 ]
 [-3.027705 -0.825722 -1.187664 0.000000 -0.080756 ]
 [3.671314 1.001248 1.440129 0.000000 0.097922 ]
 [10.189467 2.778892 3.996974 -9.397460 0.271777 ]
 [0.000000 0.000000 0.000000 2.390014 0.000000 ]
 [0.000000 0.000000 0.000000 13.597756 0.000000 ]
 [-11.952605 -3.259739 -4.688592 0.000000 -0.318804 ]
 [-11.775642 -3.211477 -4.619176 0.000000 -0.314084 ]
 [0.000000 0.000000 0.000000 34.145855 0.000000 ]
 [-2.137735 -0.583007 -0.838559 0.000000 -0.057018 ]
 [0.000000 0.000000 0.000000 37.808212 0.000000 ]
 [0.000000 0.000000 0.000000 20.951288 0.000000 ]
 [0.000000 0.000000 0.000000 4.416444 0.000000 ]] (50,5)
weights:
[ [3.730686 ]
 [1.017440 ]
 [1.463419 ]
 [-3.759452 ]
 [0.099506 ]] (5,1)
bias:
[0.683505 0.186407 0.268116 -0.302532 0.018231 ] (5)
gradInput:
[ [-65.750877 ]
 [-95.900772 ]
 [16.004042 ]
 [-57.803917 ]
 [-137.262543 ]
 [19.363649 ]
 [27.049297 ]
 [-23.449362 ]
 [-18.467081 ]
 [-21.307116 ]
 [-21.280291 ]
 [-17.727566 ]
 [-19.554230 ]
 [-55.471577 ]
 [-35.930214 ]
 [-8.700570 ]
 [-60.303791 ]
 [-44.145069 ]
 [-4.996696 ]
 [-79.408867 ]
 [-98.234047 ]
 [40.802658 ]
 [-4.266579 ]
 [-70.195862 ]
 [-23.381069 ]
 [33.433189 ]
 [-48.714771 ]
 [149.428787 ]
 [-11.188258 ]
 [24.785269 ]
 [-37.993946 ]
 [0.835644 ]
 [-41.470001 ]
 [-50.083698 ]
 [-30.257738 ]
 [10.967772 ]
 [-111.642738 ]
 [-5.351062 ]
 [-13.881625 ]
 [16.832489 ]
 [82.046669 ]
 [-8.985144 ]
 [-51.120117 ]
 [-54.801105 ]
 [-53.989754 ]
 [-128.369720 ]
 [-9.801229 ]
 [-142.138168 ]
 [-78.765373 ]
 [-16.603413 ]] (50,1)
gradweights:
[ [-25.974483 -7.083813 -10.188891 -374.484833 -0.692800 ]] (1,5)
gradBiases:
[-44.864124 -12.235435 -17.598637 327.561096 -1.196630 ] (5)

y_pred: [ [-6.081355 ]
 [-28.755590 ]
 [5.048398 ]
 [8.316813 ]
 [23.157032 ]
 [4.013599 ]
 [11.536009 ]
 [-22.676474 ]
 [3.367955 ]
 [-9.864999 ]
 [15.683037 ]
 [-18.096727 ]
 [-8.567217 ]
 [-10.416186 ]
 [-5.159647 ]
 [12.324941 ]
 [-21.750561 ]
 [-10.401254 ]
 [-5.276782 ]
 [-9.614641 ]
 [-29.404247 ]
 [-8.482528 ]
 [22.352745 ]
 [-16.792379 ]
 [-5.276552 ]
 [2.137698 ]
 [-2.807522 ]
 [21.531305 ]
 [-19.073423 ]
 [-14.699346 ]
 [0.083176 ]
 [7.660504 ]
 [-12.068074 ]
 [1.516485 ]
 [5.928096 ]
 [3.003010 ]
 [-26.654821 ]
 [-16.164837 ]
 [3.539775 ]
 [9.821781 ]
 [-3.447516 ]
 [-20.574364 ]
 [-8.514856 ]
 [11.121316 ]
 [5.468858 ]
 [-8.443670 ]
 [27.066107 ]
 [-26.121767 ]
 [-21.924568 ]
 [-6.212931 ]] (50,1)
Loss at iteration 49: 257.42, learning rate: 0.001
--------
input:
[ [0.000000 0.000000 0.000000 1.230873 0.000000 ]
 [0.000000 0.000000 0.000000 7.934410 0.000000 ]
 [1.802837 0.491673 0.707191 0.000000 0.048086 ]
 [2.648670 0.722351 1.038982 0.000000 0.070646 ]
 [6.489170 1.769739 2.545476 0.000000 0.173081 ]
 [1.535042 0.418640 0.602144 0.000000 0.040943 ]
 [3.481766 0.949554 1.365776 0.000000 0.092867 ]
 [0.000000 0.000000 0.000000 6.137146 0.000000 ]
 [1.367955 0.373072 0.536602 0.000000 0.036487 ]
 [0.000000 0.000000 0.000000 2.349491 0.000000 ]
 [4.554974 1.242242 1.786759 0.000000 0.121492 ]
 [0.000000 0.000000 0.000000 4.783165 0.000000 ]
 [0.000000 0.000000 0.000000 1.965807 0.000000 ]
 [0.000000 0.000000 0.000000 2.512447 0.000000 ]
 [0.000000 0.000000 0.000000 0.958374 0.000000 ]
 [3.685933 1.005235 1.445864 0.000000 0.098312 ]
 [0.000000 0.000000 0.000000 5.863404 0.000000 ]
 [0.000000 0.000000 0.000000 2.508032 0.000000 ]
 [0.000000 0.000000 0.000000 0.993005 0.000000 ]
 [0.000000 0.000000 0.000000 2.275473 0.000000 ]
 [0.000000 0.000000 0.000000 8.126183 0.000000 ]
 [0.000000 0.000000 0.000000 1.940769 0.000000 ]
 [6.281028 1.712975 2.463830 0.000000 0.167530 ]
 [0.000000 0.000000 0.000000 4.397540 0.000000 ]
 [0.000000 0.000000 0.000000 0.992937 0.000000 ]
 [1.049577 0.286243 0.411713 0.000000 0.027995 ]
 [0.210198 0.057326 0.082453 0.503112 0.005606 ]
 [6.068448 1.654999 2.380442 0.000000 0.161860 ]
 [0.000000 0.000000 0.000000 5.071920 0.000000 ]
 [0.000000 0.000000 0.000000 3.778744 0.000000 ]
 [0.588638 0.160535 0.230902 0.080826 0.015700 ]
 [2.478824 0.676030 0.972357 0.000000 0.066116 ]
 [0.000000 0.000000 0.000000 3.000820 0.000000 ]
 [0.888814 0.242399 0.348651 0.000000 0.023707 ]
 [2.030494 0.553761 0.796493 0.000000 0.054158 ]
 [1.273511 0.347315 0.499554 0.000000 0.033968 ]
 [0.000000 0.000000 0.000000 7.313327 0.000000 ]
 [0.000000 0.000000 0.000000 4.212009 0.000000 ]
 [1.412421 0.385198 0.554044 0.000000 0.037673 ]
 [3.038141 0.828568 1.191757 0.000000 0.081034 ]
 [0.126412 0.034475 0.049587 0.596605 0.003372 ]
 [0.000000 0.000000 0.000000 5.515667 0.000000 ]
 [0.000000 0.000000 0.000000 1.950327 0.000000 ]
 [3.374447 0.920286 1.323679 0.000000 0.090004 ]
 [1.911648 0.521349 0.749873 0.000000 0.050988 ]
 [0.000000 0.000000 0.000000 1.929281 0.000000 ]
 [7.500798 2.045633 2.942303 0.000000 0.200064 ]
 [0.000000 0.000000 0.000000 7.155732 0.000000 ]
 [0.000000 0.000000 0.000000 5.914849 0.000000 ]
 [0.000000 0.000000 0.000000 1.269773 0.000000 ]] (50,5)
gradOutput:
[ [-2.038850 ]
 [4.771919 ]
 [1.942599 ]
 [-2.983188 ]
 [-7.836807 ]
 [2.131652 ]
 [2.956598 ]
 [8.775970 ]
 [-0.485193 ]
 [3.578796 ]
 [-0.189177 ]
 [7.367008 ]
 [3.191442 ]
 [0.716331 ]
 [0.274261 ]
 [0.539213 ]
 [5.048286 ]
 [1.735933 ]
 [3.125324 ]
 [-1.789062 ]
 [4.833546 ]
 [8.622565 ]
 [1.240860 ]
 [2.065865 ]
 [1.460081 ]
 [3.020906 ]
 [1.328994 ]
 [11.735657 ]
 [8.370304 ]
 [9.787910 ]
 [-1.395415 ]
 [1.007294 ]
 [2.679640 ]
 [-2.724252 ]
 [-1.191200 ]
 [1.516471 ]
 [2.462082 ]
 [7.675039 ]
 [-0.164294 ]
 [2.188768 ]
 [6.549067 ]
 [9.201458 ]
 [0.310360 ]
 [-2.666220 ]
 [-2.834954 ]
 [-6.716396 ]
 [1.048805 ]
 [-0.524326 ]
 [3.449371 ]
 [2.467999 ]] (50,1)
weights:
[ [3.144232 0.857501 1.233373 -3.382429 0.083864 ]] (1,5)
bias:
[-1.918015 ] (1)
gradInput:
[ [-6.410617 -1.748317 -2.514663 6.896264 -0.170986 ]
 [15.004023 4.091928 5.885557 -16.140676 0.400192 ]
 [6.107984 1.665782 2.395950 -6.570704 0.162914 ]
 [-9.379835 -2.558088 -3.679384 10.090420 -0.250182 ]
 [-24.640741 -6.720073 -9.665708 26.507441 -0.657226 ]
 [6.702409 1.827894 2.629122 -7.210160 0.178769 ]
 [9.296231 2.535287 3.646589 -10.000483 0.247952 ]
 [27.593689 7.525407 10.824046 -29.684093 0.735987 ]
 [-1.525559 -0.416053 -0.598424 1.641130 -0.040690 ]
 [11.252567 3.068823 4.413991 -12.105023 0.300132 ]
 [-0.594815 -0.162219 -0.233325 0.639876 -0.015865 ]
 [23.163586 6.317220 9.086270 -24.918379 0.617826 ]
 [10.034636 2.736666 3.936239 -10.794827 0.267647 ]
 [2.252313 0.614255 0.883504 -2.422940 0.060074 ]
 [0.862342 0.235180 0.338267 -0.927670 0.023001 ]
 [1.695411 0.462376 0.665051 -1.823850 0.045221 ]
 [15.872985 4.328913 6.226421 -17.075468 0.423369 ]
 [5.458178 1.488565 2.141053 -5.871671 0.145582 ]
 [9.826744 2.679970 3.854691 -10.571185 0.262102 ]
 [-5.625228 -1.534124 -2.206582 6.051376 -0.150038 ]
 [15.197790 4.144772 5.961565 -16.349123 0.405360 ]
 [27.111347 7.393862 10.634841 -29.165213 0.723122 ]
 [3.901552 1.064039 1.530443 -4.197120 0.104063 ]
 [6.495558 1.771482 2.547982 -6.987639 0.173252 ]
 [4.590834 1.252022 1.800825 -4.938620 0.122448 ]
 [9.498430 2.590431 3.725904 -10.217999 0.253345 ]
 [4.178667 1.139614 1.639146 -4.495228 0.111455 ]
 [36.899632 10.063342 14.474444 -39.695023 0.984198 ]
 [26.318180 7.177547 10.323709 -28.311956 0.701967 ]
 [30.775463 8.393147 12.072146 -33.106907 0.820853 ]
 [-4.387509 -1.196570 -1.721067 4.719892 -0.117025 ]
 [3.167165 0.863756 1.242369 -3.407099 0.084476 ]
 [8.425410 2.297795 3.304996 -9.063690 0.224725 ]
 [-8.565681 -2.336050 -3.360019 9.214587 -0.228466 ]
 [-3.745410 -1.021456 -1.469194 4.029150 -0.099899 ]
 [4.768137 1.300376 1.870375 -5.129354 0.127177 ]
 [7.741357 2.111239 3.036666 -8.327816 0.206480 ]
 [24.132107 6.581357 9.466187 -25.960272 0.643659 ]
 [-0.516579 -0.140883 -0.202636 0.555714 -0.013778 ]
 [6.881996 1.876872 2.699568 -7.403353 0.183559 ]
 [20.591789 5.615834 8.077444 -22.151754 0.549231 ]
 [28.931520 7.890263 11.348831 -31.123276 0.771671 ]
 [0.975844 0.266134 0.382790 -1.049770 0.026028 ]
 [-8.383214 -2.286287 -3.288444 9.018298 -0.223600 ]
 [-8.913754 -2.430977 -3.496557 9.589030 -0.237750 ]
 [-21.117910 -5.759319 -8.283823 22.717731 -0.563263 ]
 [3.297687 0.899352 1.293568 -3.547509 0.087957 ]
 [-1.648604 -0.449611 -0.646690 1.773496 -0.043972 ]
 [10.845625 2.957841 4.254362 -11.667253 0.289278 ]
 [7.759961 2.116312 3.043963 -8.347829 0.206976 ]] (50,5)
gradweights:
[ [40.698624 ]
 [11.099408 ]
 [15.964659 ]
 [441.189087 ]
 [1.085527 ]] (5,1)
gradBiases:
[105.639053 ] (1)
--------
input:
[ [-0.291694 ]
 [-1.913280 ]
 [0.314247 ]
 [0.542560 ]
 [1.579213 ]
 [0.241962 ]
 [0.767435 ]
 [-1.478522 ]
 [0.196861 ]
 [-0.562288 ]
 [1.057122 ]
 [-1.150994 ]
 [-0.469474 ]
 [-0.601707 ]
 [-0.225776 ]
 [0.822545 ]
 [-1.412304 ]
 [-0.600639 ]
 [-0.234153 ]
 [-0.544383 ]
 [-1.959670 ]
 [-0.463418 ]
 [1.523030 ]
 [-1.057711 ]
 [-0.234137 ]
 [0.110923 ]
 [-0.115648 ]
 [1.465649 ]
 [-1.220844 ]
 [-0.908024 ]
 [-0.013497 ]
 [0.496714 ]
 [-0.719844 ]
 [0.067528 ]
 [0.375698 ]
 [0.171368 ]
 [-1.763040 ]
 [-1.012831 ]
 [0.208864 ]
 [0.647689 ]
 [-0.138264 ]
 [-1.328186 ]
 [-0.465730 ]
 [0.738467 ]
 [0.343618 ]
 [-0.460639 ]
 [1.852278 ]
 [-1.724918 ]
 [-1.424748 ]
 [-0.301104 ]] (50,1)
gradOutput:
[ [0.000000 0.000000 0.000000 6.896264 0.000000 ]
 [0.000000 0.000000 0.000000 -16.140676 0.000000 ]
 [6.107984 1.665782 2.395950 0.000000 0.162914 ]
 [-9.379835 -2.558088 -3.679384 0.000000 -0.250182 ]
 [-24.640741 -6.720073 -9.665708 0.000000 -0.657226 ]
 [6.702409 1.827894 2.629122 0.000000 0.178769 ]
 [9.296231 2.535287 3.646589 0.000000 0.247952 ]
 [0.000000 0.000000 0.000000 -29.684093 0.000000 ]
 [-1.525559 -0.416053 -0.598424 0.000000 -0.040690 ]
 [0.000000 0.000000 0.000000 -12.105023 0.000000 ]
 [-0.594815 -0.162219 -0.233325 0.000000 -0.015865 ]
 [0.000000 0.000000 0.000000 -24.918379 0.000000 ]
 [0.000000 0.000000 0.000000 -10.794827 0.000000 ]
 [0.000000 0.000000 0.000000 -2.422940 0.000000 ]
 [0.000000 0.000000 0.000000 -0.927670 0.000000 ]
 [1.695411 0.462376 0.665051 0.000000 0.045221 ]
 [0.000000 0.000000 0.000000 -17.075468 0.000000 ]
 [0.000000 0.000000 0.000000 -5.871671 0.000000 ]
 [0.000000 0.000000 0.000000 -10.571185 0.000000 ]
 [0.000000 0.000000 0.000000 6.051376 0.000000 ]
 [0.000000 0.000000 0.000000 -16.349123 0.000000 ]
 [0.000000 0.000000 0.000000 -29.165213 0.000000 ]
 [3.901552 1.064039 1.530443 0.000000 0.104063 ]
 [0.000000 0.000000 0.000000 -6.987639 0.000000 ]
 [0.000000 0.000000 0.000000 -4.938620 0.000000 ]
 [9.498430 2.590431 3.725904 0.000000 0.253345 ]
 [4.178667 1.139614 1.639146 -4.495228 0.111455 ]
 [36.899632 10.063342 14.474444 0.000000 0.984198 ]
 [0.000000 0.000000 0.000000 -28.311956 0.000000 ]
 [0.000000 0.000000 0.000000 -33.106907 0.000000 ]
 [-4.387509 -1.196570 -1.721067 4.719892 -0.117025 ]
 [3.167165 0.863756 1.242369 0.000000 0.084476 ]
 [0.000000 0.000000 0.000000 -9.063690 0.000000 ]
 [-8.565681 -2.336050 -3.360019 0.000000 -0.228466 ]
 [-3.745410 -1.021456 -1.469194 0.000000 -0.099899 ]
 [4.768137 1.300376 1.870375 0.000000 0.127177 ]
 [0.000000 0.000000 0.000000 -8.327816 0.000000 ]
 [0.000000 0.000000 0.000000 -25.960272 0.000000 ]
 [-0.516579 -0.140883 -0.202636 0.000000 -0.013778 ]
 [6.881996 1.876872 2.699568 0.000000 0.183559 ]
 [20.591789 5.615834 8.077444 -22.151754 0.549231 ]
 [0.000000 0.000000 0.000000 -31.123276 0.000000 ]
 [0.000000 0.000000 0.000000 -1.049770 0.000000 ]
 [-8.383214 -2.286287 -3.288444 0.000000 -0.223600 ]
 [-8.913754 -2.430977 -3.496557 0.000000 -0.237750 ]
 [0.000000 0.000000 0.000000 22.717731 0.000000 ]
 [3.297687 0.899352 1.293568 0.000000 0.087957 ]
 [0.000000 0.000000 0.000000 1.773496 0.000000 ]
 [0.000000 0.000000 0.000000 -11.667253 0.000000 ]
 [0.000000 0.000000 0.000000 -8.347829 0.000000 ]] (50,5)
weights:
[ [3.704712 ]
 [1.010356 ]
 [1.453230 ]
 [-4.133937 ]
 [0.098813 ]] (5,1)
bias:
[0.638641 0.174172 0.250517 0.025029 0.017034 ] (5)
gradInput:
[ [-28.508724 ]
 [66.724548 ]
 [27.809317 ]
 [-42.705879 ]
 [-112.187943 ]
 [30.515699 ]
 [42.325233 ]
 [122.712181 ]
 [-6.945786 ]
 [50.041409 ]
 [-2.708160 ]
 [103.011017 ]
 [44.625137 ]
 [10.016282 ]
 [3.834929 ]
 [7.719116 ]
 [70.588913 ]
 [24.273119 ]
 [43.700619 ]
 [-25.016010 ]
 [67.586250 ]
 [120.567162 ]
 [17.763554 ]
 [28.886463 ]
 [20.415947 ]
 [43.245834 ]
 [37.608234 ]
 [168.002014 ]
 [117.039856 ]
 [136.861877 ]
 [-39.487820 ]
 [14.419930 ]
 [37.468727 ]
 [-38.999077 ]
 [-17.052649 ]
 [21.709068 ]
 [34.426670 ]
 [107.318138 ]
 [-2.351957 ]
 [31.333353 ]
 [185.327271 ]
 [128.661667 ]
 [4.339685 ]
 [-38.168316 ]
 [-40.583843 ]
 [-93.913681 ]
 [15.014191 ]
 [-7.331523 ]
 [48.231689 ]
 [34.509403 ]] (50,1)
gradweights:
[ [26.554054 7.241876 10.416234 358.990997 0.708258 ]] (1,5)
gradBiases:
[46.333988 12.636300 18.175215 -329.399506 1.235835 ] (5)

Info: /OSCI/SystemC: Simulation stopped by user.
=[ core : 0 ]===========================
simulation time: 10575364310 ns
zero (x0) =        0
ra   (x1) =    10b74
sp   (x2) =  1ffffe8
gp   (x3) =    fe0b0
tp   (x4) =        0
t0   (x5) = 35373437
t1   (x6) =    b2080
t2   (x7) = 33373237
s0/fp(x8) =        0
s1   (x9) =        0
a0  (x10) =        0
a1  (x11) =        0
a2  (x12) =       12
a3  (x13) =        0
a4  (x14) =      812
a5  (x15) =        0
a6  (x16) =    72adf
a7  (x17) =       5d
s2  (x18) =        0
s3  (x19) =        0
s4  (x20) =        0
s5  (x21) =        0
s6  (x22) =        0
s7  (x23) =        0
s8  (x24) =        0
s9  (x25) =        0
s10 (x26) =        0
s11 (x27) =        0
t3  (x28) = 33383238
t4  (x29) = 31383038
t5  (x30) = 39373837
t6  (x31) = 37373637
pc = c90cc
num-instr = 321183609
execution statistics: (0)
start analysis
analyzed all trees
make: *** [../../../Makefile.common:41: sim-default] Speicherzugriffsfehler (Speicherauszug erstellt)
░▒▓    ~/Dokumente/ECXL/git/opt-vp/sw/ai_accelerator_binCof_NN/src/nn  on   xai_speedup !4 ───────────────────────────────────────────────────────────────────────────────────── took 10m 58s  ▓▒░
❯ 